<?xml version="1.0" encoding="UTF-8"?>
<!-- Generated by org.testng.reporters.JUnitReportReporter -->
<testsuite hostname="DESKTOP-H41JRIE" failures="0" tests="1" name="com.orangehrm.testCases.AdminTests" time="22.155" errors="0" timestamp="2025-06-05T10:58:13 IST" skipped="0">
  <testcase classname="com.orangehrm.testCases.AdminTests" name="adminTestCases" time="22.155"/>
  <system-out/>
</testsuite> <!-- com.orangehrm.testCases.AdminTests -->
