<?xml version="1.0" encoding="UTF-8"?>
<!-- Generated by org.testng.reporters.JUnitReportReporter -->
<testsuite hostname="DESKTOP-H41JRIE" failures="0" tests="4" name="com.orangehrm.testCases.AdminTests" time="105.101" errors="0" timestamp="2025-07-28T11:41:43 IST" skipped="0">
  <testcase classname="com.orangehrm.testCases.AdminTests" name="verifyMenuCount" time="9.901"/>
  <system-out/>
  <testcase classname="com.orangehrm.testCases.AdminTests" name="searchByUsername" time="17.155"/>
  <system-out/>
  <testcase classname="com.orangehrm.testCases.AdminTests" name="searchByUserRole" time="20.620"/>
  <system-out/>
  <testcase classname="com.orangehrm.testCases.AdminTests" name="searchByStatus" time="57.425"/>
  <system-out/>
</testsuite> <!-- com.orangehrm.testCases.AdminTests -->
