<?xml version="1.0" encoding="UTF-8"?>
<!-- Generated by org.testng.reporters.JUnitReportReporter -->
<testsuite hostname="DESKTOP-H41JRIE" failures="0" tests="1" name="com.qa.testCases.AdminTests" time="21.983" errors="0" timestamp="2025-06-03T12:17:18 IST" skipped="0">
  <testcase classname="com.qa.testCases.AdminTests" name="adminTestCases" time="21.983"/>
  <system-out/>
</testsuite> <!-- com.qa.testCases.AdminTests -->
