<?xml version="1.0" encoding="UTF-8"?>
<!-- Generated by org.testng.reporters.JUnitReportReporter -->
<testsuite hostname="DESKTOP-H41JRIE" failures="0" tests="1" name="com.orangehrm.testCases.AdminTests" time="21.022" errors="0" timestamp="2025-06-09T11:22:25 IST" skipped="0">
  <testcase classname="com.orangehrm.testCases.AdminTests" name="adminTestCases" time="21.022"/>
  <system-out/>
</testsuite> <!-- com.orangehrm.testCases.AdminTests -->
