<?xml version="1.0" encoding="UTF-8"?>
<!-- Generated by org.testng.reporters.JUnitReportReporter -->
<testsuite hostname="DESKTOP-H41JRIE" failures="0" tests="4" name="com.orangehrm.testCases.AdminTests" time="43.852" errors="0" timestamp="2025-07-24T13:27:04 IST" skipped="0">
  <testcase classname="com.orangehrm.testCases.AdminTests" name="verifyMenuCount" time="8.187"/>
  <system-out/>
  <testcase classname="com.orangehrm.testCases.AdminTests" name="searchByUsername" time="12.291"/>
  <system-out/>
  <testcase classname="com.orangehrm.testCases.AdminTests" name="searchByUserRole" time="12.266"/>
  <system-out/>
  <testcase classname="com.orangehrm.testCases.AdminTests" name="searchByStatus" time="11.108"/>
  <system-out/>
</testsuite> <!-- com.orangehrm.testCases.AdminTests -->
