<?xml version="1.0" encoding="UTF-8"?>
<!-- Generated by org.testng.reporters.JUnitReportReporter -->
<testsuite hostname="DESKTOP-H41JRIE" failures="0" tests="4" name="com.orangehrm.testCases.AdminTests" time="77.360" errors="0" timestamp="2025-07-28T10:53:40 IST" skipped="0">
  <testcase classname="com.orangehrm.testCases.AdminTests" name="verifyMenuCount" time="18.314"/>
  <system-out/>
  <testcase classname="com.orangehrm.testCases.AdminTests" name="searchByUsername" time="14.089"/>
  <system-out/>
  <testcase classname="com.orangehrm.testCases.AdminTests" name="searchByUserRole" time="17.996"/>
  <system-out/>
  <testcase classname="com.orangehrm.testCases.AdminTests" name="searchByStatus" time="26.961"/>
  <system-out/>
</testsuite> <!-- com.orangehrm.testCases.AdminTests -->
