<?xml version="1.0" encoding="UTF-8"?>
<!-- Generated by org.testng.reporters.JUnitReportReporter -->
<testsuite hostname="LAPTOP-8FM6JVUV" failures="0" tests="4" name="com.orangehrm.testCases.AdminTests" time="69.361" errors="0" timestamp="2025-07-28T16:00:46 IST" skipped="0">
  <testcase classname="com.orangehrm.testCases.AdminTests" name="verifyMenuCount" time="14.389"/>
  <testcase classname="com.orangehrm.testCases.AdminTests" name="searchByUsername" time="16.645"/>
  <testcase classname="com.orangehrm.testCases.AdminTests" name="searchByUserRole" time="18.355"/>
  <testcase classname="com.orangehrm.testCases.AdminTests" name="searchByStatus" time="19.972"/>
</testsuite> <!-- com.orangehrm.testCases.AdminTests -->
