<?xml version="1.0" encoding="UTF-8"?>
<!-- Generated by org.testng.reporters.JUnitReportReporter -->
<testsuite hostname="DESKTOP-H41JRIE" failures="0" tests="4" name="com.orangehrm.testCases.AdminTests" time="70.208" errors="0" timestamp="2025-07-25T13:11:18 IST" skipped="0">
  <testcase classname="com.orangehrm.testCases.AdminTests" name="verifyMenuCount" time="21.450"/>
  <system-out/>
  <testcase classname="com.orangehrm.testCases.AdminTests" name="searchByUsername" time="12.949"/>
  <system-out/>
  <testcase classname="com.orangehrm.testCases.AdminTests" name="searchByUserRole" time="18.252"/>
  <system-out/>
  <testcase classname="com.orangehrm.testCases.AdminTests" name="searchByStatus" time="17.557"/>
  <system-out/>
</testsuite> <!-- com.orangehrm.testCases.AdminTests -->
