<?xml version="1.0" encoding="UTF-8"?>
<!-- Generated by org.testng.reporters.JUnitReportReporter -->
<testsuite hostname="LAPTOP-8FM6JVUV" failures="0" tests="4" name="com.orangehrm.testCases.AdminTests" time="71.662" errors="0" timestamp="2025-07-28T16:26:56 IST" skipped="0">
  <testcase classname="com.orangehrm.testCases.AdminTests" name="verifyMenuCount" time="17.061"/>
  <testcase classname="com.orangehrm.testCases.AdminTests" name="searchByUsername" time="19.269"/>
  <testcase classname="com.orangehrm.testCases.AdminTests" name="searchByUserRole" time="18.745"/>
  <testcase classname="com.orangehrm.testCases.AdminTests" name="searchByStatus" time="16.587"/>
</testsuite> <!-- com.orangehrm.testCases.AdminTests -->
