<?xml version="1.0" encoding="UTF-8"?>
<!-- Generated by org.testng.reporters.JUnitReportReporter -->
<testsuite hostname="DESKTOP-H41JRIE" failures="0" tests="4" name="com.orangehrm.testCases.AdminTests" time="45.851" errors="0" timestamp="2025-07-28T12:22:11 IST" skipped="0">
  <testcase classname="com.orangehrm.testCases.AdminTests" name="verifyMenuCount" time="8.217"/>
  <system-out/>
  <testcase classname="com.orangehrm.testCases.AdminTests" name="searchByUsername" time="12.588"/>
  <system-out/>
  <testcase classname="com.orangehrm.testCases.AdminTests" name="searchByUserRole" time="12.703"/>
  <system-out/>
  <testcase classname="com.orangehrm.testCases.AdminTests" name="searchByStatus" time="12.343"/>
  <system-out/>
</testsuite> <!-- com.orangehrm.testCases.AdminTests -->
